<?xml version="1.0" encoding="UTF-8"?>
<!-- Generated by org.testng.reporters.JUnitReportReporter -->
<testsuite skipped="0" hostname="DESKTOP-EQA0C24" name="Organazation.CreateContactwithBaseclassTest" tests="1" failures="0" timestamp="16 Mar 2022 08:48:32 GMT" time="33.794" errors="0">
  <testcase name="createContact" time="33.794" classname="Organazation.CreateContactwithBaseclassTest"/>
</testsuite> <!-- Organazation.CreateContactwithBaseclassTest -->
