<?xml version="1.0" encoding="UTF-8"?>
<!-- Generated by org.testng.reporters.JUnitReportReporter -->
<testsuite skipped="0" hostname="DESKTOP-EQA0C24" name="SeleniumFrameworkWithTestNg.CreateOrganizationWithTypeWithBaseclassTest" tests="1" failures="0" timestamp="07 Apr 2022 10:17:37 GMT" time="35.546" errors="0">
  <testcase name="CreateOrgwithType" time="35.546" classname="SeleniumFrameworkWithTestNg.CreateOrganizationWithTypeWithBaseclassTest"/>
</testsuite> <!-- SeleniumFrameworkWithTestNg.CreateOrganizationWithTypeWithBaseclassTest -->
