<?xml version="1.0" encoding="UTF-8"?>
<!-- Generated by org.testng.reporters.JUnitReportReporter -->
<testsuite skipped="0" hostname="DESKTOP-EQA0C24" name="PracticeUsingPom.CreateOrganizationWithType" tests="1" failures="0" timestamp="16 Mar 2022 09:38:53 GMT" time="55.613" errors="0">
  <testcase name="CreateOrgwithType" time="55.613" classname="PracticeUsingPom.CreateOrganizationWithType"/>
</testsuite> <!-- PracticeUsingPom.CreateOrganizationWithType -->
