<?xml version="1.0" encoding="UTF-8"?>
<!-- Generated by org.testng.reporters.JUnitReportReporter -->
<testsuite skipped="0" hostname="DESKTOP-EQA0C24" name="SeleniumFrameworkWithTestNg.CreateOrganizationWithTypeWithBaseclassTest" tests="1" failures="0" timestamp="12 Apr 2022 12:06:40 GMT" time="48.814" errors="0">
  <testcase name="CreateOrgwithType" time="48.814" classname="SeleniumFrameworkWithTestNg.CreateOrganizationWithTypeWithBaseclassTest"/>
</testsuite> <!-- SeleniumFrameworkWithTestNg.CreateOrganizationWithTypeWithBaseclassTest -->
