<?xml version="1.0" encoding="UTF-8"?>
<!-- Generated by org.testng.reporters.JUnitReportReporter -->
<testsuite skipped="0" hostname="DESKTOP-EQA0C24" name="Organazation.CreateContactwithBaseclassTest" tests="1" failures="0" timestamp="12 Apr 2022 12:06:40 GMT" time="123.072" errors="0">
  <testcase name="createContact" time="123.072" classname="Organazation.CreateContactwithBaseclassTest"/>
</testsuite> <!-- Organazation.CreateContactwithBaseclassTest -->
